Copyright 1986-2018 Xilinx, Inc. All Rights Reserved.
-----------------------------------------------------------------------------------------
| Tool Version : Vivado v.2018.3 (lin64) Build 2405991 Thu Dec  6 23:36:41 MST 2018
| Date         : Thu May 16 22:47:50 2024
| Host         : JasonArch running 64-bit Arch Linux
| Command      : report_control_sets -verbose -file main_wrapper_control_sets_placed.rpt
| Design       : main_wrapper
| Device       : xc7z020
-----------------------------------------------------------------------------------------

Control Set Information

Table of Contents
-----------------
1. Summary
2. Histogram
3. Flip-Flop Distribution
4. Detailed Control Set Information

1. Summary
----------

+----------------------------------------------------------+-------+
|                          Status                          | Count |
+----------------------------------------------------------+-------+
| Number of unique control sets                            |    51 |
| Unused register locations in slices containing registers |   143 |
+----------------------------------------------------------+-------+


2. Histogram
------------

+--------+--------------+
| Fanout | Control Sets |
+--------+--------------+
|      1 |            1 |
|      2 |            1 |
|      4 |           12 |
|      5 |            3 |
|      6 |            1 |
|      8 |            2 |
|     10 |            1 |
|     12 |            4 |
|     13 |            2 |
|     14 |            2 |
|     15 |            1 |
|    16+ |           21 |
+--------+--------------+


3. Flip-Flop Distribution
-------------------------

+--------------+-----------------------+------------------------+-----------------+--------------+
| Clock Enable | Synchronous Set/Reset | Asynchronous Set/Reset | Total Registers | Total Slices |
+--------------+-----------------------+------------------------+-----------------+--------------+
| No           | No                    | No                     |             161 |           55 |
| No           | No                    | Yes                    |               0 |            0 |
| No           | Yes                   | No                     |             185 |           57 |
| Yes          | No                    | No                     |             458 |          109 |
| Yes          | No                    | Yes                    |               0 |            0 |
| Yes          | Yes                   | No                     |             165 |           42 |
+--------------+-----------------------+------------------------+-----------------+--------------+


4. Detailed Control Set Information
-----------------------------------

+---------------------------------------------+------------------------------------------------------------------------------------------------------------------------------------------------------------+---------------------------------------------------------------------------------------------------------------------------------------------------+------------------+----------------+
|                 Clock Signal                |                                                                        Enable Signal                                                                       |                                                                  Set/Reset Signal                                                                 | Slice Load Count | Bel Load Count |
+---------------------------------------------+------------------------------------------------------------------------------------------------------------------------------------------------------------+---------------------------------------------------------------------------------------------------------------------------------------------------+------------------+----------------+
|  main_i/processing_system7_0/inst/FCLK_CLK0 | main_i/ps7_0_axi_periph/s00_couplers/auto_pc/inst/gen_axilite.gen_b2s_conv.axilite_b2s/WR.aw_channel_0/aw_cmd_fsm_0/m_axi_awready_1                        | main_i/ps7_0_axi_periph/s00_couplers/auto_pc/inst/gen_axilite.gen_b2s_conv.axilite_b2s/WR.aw_channel_0/aw_cmd_fsm_0/m_axi_awready_0               |                1 |              1 |
|  main_i/processing_system7_0/inst/FCLK_CLK0 | main_i/ps7_0_axi_periph/s00_couplers/auto_pc/inst/gen_axilite.gen_b2s_conv.axilite_b2s/WR.b_channel_0/bid_fifo_0/sel                                       |                                                                                                                                                   |                1 |              2 |
|  main_i/processing_system7_0/inst/FCLK_CLK0 | main_i/TX_SEND_IO/U0/AXI_LITE_IPIF_I/I_SLAVE_ATTACHMENT/bus2ip_addr_i[8]_i_1_n_0                                                                           | main_i/TX_SEND_IO/U0/AXI_LITE_IPIF_I/I_SLAVE_ATTACHMENT/SS[0]                                                                                     |                1 |              4 |
|  main_i/processing_system7_0/inst/FCLK_CLK0 | main_i/TX_DATA_IO/U0/AXI_LITE_IPIF_I/I_SLAVE_ATTACHMENT/bus2ip_addr_i[8]_i_1_n_0                                                                           | main_i/TX_DATA_IO/U0/AXI_LITE_IPIF_I/I_SLAVE_ATTACHMENT/SR[0]                                                                                     |                1 |              4 |
|  main_i/processing_system7_0/inst/FCLK_CLK0 | main_i/TX_DATA_IO/U0/AXI_LITE_IPIF_I/I_SLAVE_ATTACHMENT/start2                                                                                             | main_i/TX_DATA_IO/U0/AXI_LITE_IPIF_I/I_SLAVE_ATTACHMENT/I_DECODER/cs_ce_clr                                                                       |                1 |              4 |
|  main_i/processing_system7_0/inst/FCLK_CLK0 | main_i/TX_FULL_IO/U0/AXI_LITE_IPIF_I/I_SLAVE_ATTACHMENT/bus2ip_addr_i[8]_i_1_n_0                                                                           | main_i/TX_FULL_IO/U0/AXI_LITE_IPIF_I/I_SLAVE_ATTACHMENT/SS[0]                                                                                     |                1 |              4 |
|  main_i/processing_system7_0/inst/FCLK_CLK0 | main_i/TX_FULL_IO/U0/AXI_LITE_IPIF_I/I_SLAVE_ATTACHMENT/start2                                                                                             | main_i/TX_FULL_IO/U0/AXI_LITE_IPIF_I/I_SLAVE_ATTACHMENT/I_DECODER/cs_ce_clr                                                                       |                1 |              4 |
|  main_i/processing_system7_0/inst/FCLK_CLK0 | main_i/TX_SEND_IO/U0/AXI_LITE_IPIF_I/I_SLAVE_ATTACHMENT/start2                                                                                             | main_i/TX_SEND_IO/U0/AXI_LITE_IPIF_I/I_SLAVE_ATTACHMENT/I_DECODER/cs_ce_clr                                                                       |                1 |              4 |
|  main_i/processing_system7_0/inst/FCLK_CLK0 |                                                                                                                                                            | main_i/ps7_0_axi_periph/s00_couplers/auto_pc/inst/gen_axilite.gen_b2s_conv.axilite_b2s/SI_REG/aw.aw_pipe/aresetn_d_reg[0]_0                       |                3 |              4 |
|  main_i/processing_system7_0/inst/FCLK_CLK0 |                                                                                                                                                            | main_i/ps7_0_axi_periph/s00_couplers/auto_pc/inst/gen_axilite.gen_b2s_conv.axilite_b2s/SI_REG/ar.ar_pipe/aresetn_d_reg[1]_inv_0                   |                3 |              4 |
|  main_i/processing_system7_0/inst/FCLK_CLK0 |                                                                                                                                                            | main_i/TX_SEND_IO/U0/AXI_LITE_IPIF_I/I_SLAVE_ATTACHMENT/clear                                                                                     |                1 |              4 |
|  main_i/processing_system7_0/inst/FCLK_CLK0 |                                                                                                                                                            | main_i/TX_DATA_IO/U0/AXI_LITE_IPIF_I/I_SLAVE_ATTACHMENT/clear                                                                                     |                1 |              4 |
|  main_i/processing_system7_0/inst/FCLK_CLK0 |                                                                                                                                                            | main_i/rst_ps7_0_50M/U0/EXT_LPF/lpf_int                                                                                                           |                2 |              4 |
|  main_i/processing_system7_0/inst/FCLK_CLK0 |                                                                                                                                                            | main_i/TX_FULL_IO/U0/AXI_LITE_IPIF_I/I_SLAVE_ATTACHMENT/clear                                                                                     |                1 |              4 |
|  main_i/processing_system7_0/inst/FCLK_CLK0 | main_i/ps7_0_axi_periph/s00_couplers/auto_pc/inst/gen_axilite.gen_b2s_conv.axilite_b2s/RD.ar_channel_0/ar_cmd_fsm_0/m_valid_i_reg                          | main_i/ps7_0_axi_periph/s00_couplers/auto_pc/inst/gen_axilite.gen_b2s_conv.axilite_b2s/RD.ar_channel_0/ar_cmd_fsm_0/FSM_sequential_state_reg[0]_0 |                2 |              5 |
|  main_i/processing_system7_0/inst/FCLK_CLK0 | main_i/ps7_0_axi_periph/s00_couplers/auto_pc/inst/gen_axilite.gen_b2s_conv.axilite_b2s/RD.r_channel_0/rd_data_fifo_0/cnt_read[4]_i_1_n_0                   | main_i/ps7_0_axi_periph/s00_couplers/auto_pc/inst/gen_axilite.gen_b2s_conv.axilite_b2s/areset_d1                                                  |                2 |              5 |
|  main_i/processing_system7_0/inst/FCLK_CLK0 | main_i/ps7_0_axi_periph/s00_couplers/auto_pc/inst/gen_axilite.gen_b2s_conv.axilite_b2s/RD.r_channel_0/rd_data_fifo_0/E[0]                                  | main_i/ps7_0_axi_periph/s00_couplers/auto_pc/inst/gen_axilite.gen_b2s_conv.axilite_b2s/areset_d1                                                  |                2 |              5 |
|  main_i/processing_system7_0/inst/FCLK_CLK0 | main_i/rst_ps7_0_50M/U0/SEQ/seq_cnt_en                                                                                                                     | main_i/rst_ps7_0_50M/U0/SEQ/SEQ_COUNTER/clear                                                                                                     |                1 |              6 |
|  main_i/processing_system7_0/inst/FCLK_CLK0 | main_i/ps7_0_axi_periph/s00_couplers/auto_pc/inst/gen_axilite.gen_b2s_conv.axilite_b2s/WR.b_channel_0/mhandshake_r                                         | main_i/ps7_0_axi_periph/s00_couplers/auto_pc/inst/gen_axilite.gen_b2s_conv.axilite_b2s/WR.b_channel_0/bid_fifo_0/SR[0]                            |                3 |              8 |
|  main_i/processing_system7_0/inst/FCLK_CLK0 | main_i/PUART_0/inst/index                                                                                                                                  | main_i/PUART_0/inst/p_0_in                                                                                                                        |                3 |              8 |
|  main_i/processing_system7_0/inst/FCLK_CLK0 |                                                                                                                                                            | main_i/ps7_0_axi_periph/s00_couplers/auto_pc/inst/gen_axilite.gen_b2s_conv.axilite_b2s/areset_d1                                                  |                3 |             10 |
|  main_i/processing_system7_0/inst/FCLK_CLK0 | main_i/ps7_0_axi_periph/s00_couplers/auto_pc/inst/gen_axilite.gen_b2s_conv.axilite_b2s/WR.aw_channel_0/aw_cmd_fsm_0/E[0]                                   |                                                                                                                                                   |                5 |             12 |
|  main_i/processing_system7_0/inst/FCLK_CLK0 | main_i/ps7_0_axi_periph/s00_couplers/auto_pc/inst/gen_axilite.gen_b2s_conv.axilite_b2s/RD.ar_channel_0/ar_cmd_fsm_0/sel_first_reg[0]                       |                                                                                                                                                   |                2 |             12 |
|  main_i/processing_system7_0/inst/FCLK_CLK0 | main_i/ps7_0_axi_periph/s00_couplers/auto_pc/inst/gen_axilite.gen_b2s_conv.axilite_b2s/RD.ar_channel_0/ar_cmd_fsm_0/E[0]                                   |                                                                                                                                                   |                5 |             12 |
|  main_i/processing_system7_0/inst/FCLK_CLK0 | main_i/ps7_0_axi_periph/s00_couplers/auto_pc/inst/gen_axilite.gen_b2s_conv.axilite_b2s/WR.aw_channel_0/cmd_translator_0/incr_cmd_0/axaddr_incr[11]_i_1_n_0 |                                                                                                                                                   |                3 |             12 |
|  main_i/processing_system7_0/inst/FCLK_CLK0 |                                                                                                                                                            | main_i/ps7_0_axi_periph/xbar/inst/gen_sasd.crossbar_sasd_0/addr_arbiter_inst/SR[0]                                                                |                6 |             13 |
|  main_i/processing_system7_0/inst/FCLK_CLK0 | main_i/ps7_0_axi_periph/s00_couplers/auto_pc/inst/gen_axilite.gen_b2s_conv.axilite_b2s/RD.r_channel_0/r_push_r                                             |                                                                                                                                                   |                4 |             13 |
|  main_i/processing_system7_0/inst/FCLK_CLK0 | main_i/ps7_0_axi_periph/s00_couplers/auto_pc/inst/gen_axilite.gen_b2s_conv.axilite_b2s/SI_REG/b.b_pipe/s_ready_i_reg_0                                     |                                                                                                                                                   |                2 |             14 |
|  main_i/processing_system7_0/inst/FCLK_CLK0 | main_i/ps7_0_axi_periph/s00_couplers/auto_pc/inst/gen_axilite.gen_b2s_conv.axilite_b2s/SI_REG/b.b_pipe/p_1_in                                              |                                                                                                                                                   |                2 |             14 |
|  main_i/processing_system7_0/inst/FCLK_CLK0 | main_i/ps7_0_axi_periph/xbar/inst/gen_sasd.crossbar_sasd_0/reg_slice_r/aa_rready                                                                           |                                                                                                                                                   |                9 |             15 |
|  main_i/processing_system7_0/inst/FCLK_CLK0 | main_i/ps7_0_axi_periph/s00_couplers/auto_pc/inst/gen_axilite.gen_b2s_conv.axilite_b2s/WR.aw_channel_0/aw_cmd_fsm_0/b_push                                 |                                                                                                                                                   |                3 |             16 |
|  main_i/processing_system7_0/inst/FCLK_CLK0 |                                                                                                                                                            | main_i/ADCCLK_0/inst/outclk_0                                                                                                                     |                5 |             19 |
|  main_i/processing_system7_0/inst/FCLK_CLK0 | main_i/ps7_0_axi_periph/xbar/inst/gen_sasd.crossbar_sasd_0/addr_arbiter_inst/p_0_in1_in                                                                    | main_i/ps7_0_axi_periph/xbar/inst/gen_sasd.crossbar_sasd_0/addr_arbiter_inst/SR[0]                                                                |                6 |             19 |
|  main_i/processing_system7_0/inst/FCLK_CLK0 |                                                                                                                                                            | main_i/TX_SEND_IO/U0/AXI_LITE_IPIF_I/I_SLAVE_ATTACHMENT/SS[0]                                                                                     |                6 |             20 |
|  main_i/processing_system7_0/inst/FCLK_CLK0 |                                                                                                                                                            | main_i/TX_FULL_IO/U0/AXI_LITE_IPIF_I/I_SLAVE_ATTACHMENT/SS[0]                                                                                     |                6 |             20 |
|  main_i/processing_system7_0/inst/FCLK_CLK0 | main_i/PUART_0/inst/tx_full                                                                                                                                | main_i/PUART_0/inst/p_0_in                                                                                                                        |                5 |             20 |
|  main_i/processing_system7_0/inst/FCLK_CLK0 | main_i/ps7_0_axi_periph/s00_couplers/auto_pc/inst/gen_axilite.gen_b2s_conv.axilite_b2s/RD.ar_channel_0/ar_cmd_fsm_0/m_valid_i_reg                          |                                                                                                                                                   |                7 |             21 |
|  main_i/processing_system7_0/inst/FCLK_CLK0 | main_i/ps7_0_axi_periph/s00_couplers/auto_pc/inst/gen_axilite.gen_b2s_conv.axilite_b2s/WR.aw_channel_0/aw_cmd_fsm_0/m_axi_awready_1                        |                                                                                                                                                   |                9 |             25 |
|  main_i/processing_system7_0/inst/FCLK_CLK0 |                                                                                                                                                            | main_i/TX_DATA_IO/U0/gpio_core_1/Read_Reg_Rst__0                                                                                                  |                6 |             32 |
|  main_i/processing_system7_0/inst/FCLK_CLK0 | main_i/TX_DATA_IO/U0/AXI_LITE_IPIF_I/I_SLAVE_ATTACHMENT/s_axi_rresp_i                                                                                      | main_i/TX_DATA_IO/U0/AXI_LITE_IPIF_I/I_SLAVE_ATTACHMENT/SR[0]                                                                                     |                6 |             32 |
|  main_i/processing_system7_0/inst/FCLK_CLK0 | main_i/TX_DATA_IO/U0/AXI_LITE_IPIF_I/I_SLAVE_ATTACHMENT/I_DECODER/E[0]                                                                                     | main_i/TX_DATA_IO/U0/AXI_LITE_IPIF_I/I_SLAVE_ATTACHMENT/SR[0]                                                                                     |                5 |             32 |
|  main_i/processing_system7_0/inst/FCLK_CLK0 | main_i/ps7_0_axi_periph/s00_couplers/auto_pc/inst/gen_axilite.gen_b2s_conv.axilite_b2s/RD.r_channel_0/rd_data_fifo_0/wr_en0                                |                                                                                                                                                   |                9 |             34 |
|  main_i/processing_system7_0/inst/FCLK_CLK0 | main_i/ps7_0_axi_periph/xbar/inst/gen_sasd.crossbar_sasd_0/addr_arbiter_inst/E[0]                                                                          |                                                                                                                                                   |                9 |             35 |
|  main_i/processing_system7_0/inst/FCLK_CLK0 | main_i/ps7_0_axi_periph/s00_couplers/auto_pc/inst/gen_axilite.gen_b2s_conv.axilite_b2s/SI_REG/r.r_pipe/s_ready_i_reg_0                                     |                                                                                                                                                   |                9 |             47 |
|  main_i/processing_system7_0/inst/FCLK_CLK0 | main_i/ps7_0_axi_periph/s00_couplers/auto_pc/inst/gen_axilite.gen_b2s_conv.axilite_b2s/SI_REG/r.r_pipe/p_1_in                                              |                                                                                                                                                   |                8 |             47 |
|  main_i/processing_system7_0/inst/FCLK_CLK0 |                                                                                                                                                            | main_i/TX_DATA_IO/U0/AXI_LITE_IPIF_I/I_SLAVE_ATTACHMENT/SR[0]                                                                                     |               14 |             47 |
|  main_i/processing_system7_0/inst/FCLK_CLK0 | main_i/ps7_0_axi_periph/s00_couplers/auto_pc/inst/gen_axilite.gen_b2s_conv.axilite_b2s/SI_REG/aw.aw_pipe/s_ready_i_reg_0                                   |                                                                                                                                                   |                9 |             48 |
|  main_i/processing_system7_0/inst/FCLK_CLK0 | main_i/ps7_0_axi_periph/s00_couplers/auto_pc/inst/gen_axilite.gen_b2s_conv.axilite_b2s/SI_REG/ar.ar_pipe/s_ready_i_reg_0                                   |                                                                                                                                                   |               10 |             48 |
|  main_i/processing_system7_0/inst/FCLK_CLK0 | main_i/ps7_0_axi_periph/s00_couplers/auto_pc/inst/gen_axilite.gen_b2s_conv.axilite_b2s/WR.aw_channel_0/aw_cmd_fsm_0/m_valid_i_reg[0]                       |                                                                                                                                                   |               10 |             48 |
|  main_i/processing_system7_0/inst/FCLK_CLK0 | main_i/ps7_0_axi_periph/s00_couplers/auto_pc/inst/gen_axilite.gen_b2s_conv.axilite_b2s/RD.ar_channel_0/ar_cmd_fsm_0/FSM_sequential_state_reg[1]_0[0]       |                                                                                                                                                   |               10 |             48 |
|  main_i/processing_system7_0/inst/FCLK_CLK0 |                                                                                                                                                            |                                                                                                                                                   |               56 |            162 |
+---------------------------------------------+------------------------------------------------------------------------------------------------------------------------------------------------------------+---------------------------------------------------------------------------------------------------------------------------------------------------+------------------+----------------+


