
*** Running vivado
    with args -log main_PUFART_0_0.vds -m64 -product Vivado -mode batch -messageDb vivado.pb -notrace -source main_PUFART_0_0.tcl


****** Vivado v2018.3 (64-bit)
  **** SW Build 2405991 on Thu Dec  6 23:36:41 MST 2018
  **** IP Build 2404404 on Fri Dec  7 01:43:56 MST 2018
    ** Copyright 1986-2018 Xilinx, Inc. All Rights Reserved.

source main_PUFART_0_0.tcl -notrace
INFO: [IP_Flow 19-234] Refreshing IP repositories
INFO: [IP_Flow 19-1700] Loaded user IP repository '/home/jason/Dev/LaserCom/DAC'.
INFO: [IP_Flow 19-1700] Loaded user IP repository '/home/jason/Dev/LaserCom/PUFART'.
INFO: [IP_Flow 19-1700] Loaded user IP repository '/home/jason/Dev/LaserCom/ADCCLK'.
INFO: [IP_Flow 19-1700] Loaded user IP repository '/home/jason/Dev/LaserCom/PUART'.
INFO: [IP_Flow 19-2313] Loaded Vivado IP repository '/home/jason/Temp/530/Install/Vivado/2018.3/data/ip'.
Command: synth_design -top main_PUFART_0_0 -part xc7z020clg400-1 -mode out_of_context
Starting synth_design
Attempting to get a license for feature 'Synthesis' and/or device 'xc7z020'
INFO: [Common 17-349] Got license for feature 'Synthesis' and/or device 'xc7z020'
INFO: Launching helper process for spawning children vivado processes
INFO: Helper process launched with PID 108952 
---------------------------------------------------------------------------------
Starting RTL Elaboration : Time (s): cpu = 00:00:04 ; elapsed = 00:00:06 . Memory (MB): peak = 1351.973 ; gain = 26.023 ; free physical = 1359 ; free virtual = 3801
---------------------------------------------------------------------------------
INFO: [Synth 8-6157] synthesizing module 'main_PUFART_0_0' [/home/jason/Dev/LaserCom/LASERCOM/LASERCOM.srcs/sources_1/bd/main/ip/main_PUFART_0_0/synth/main_PUFART_0_0.v:57]
INFO: [Synth 8-6157] synthesizing module 'PUFART' [/home/jason/Dev/LaserCom/LASERCOM/LASERCOM.srcs/sources_1/bd/main/ipshared/e97a/PUFART.v:3]
	Parameter PREWAIT bound to: 20'b00000000000001001011 
	Parameter WAIT bound to: 20'b00000000000001100100 
	Parameter THRESHOLD_0 bound to: 6'b000110 
	Parameter THRESHOLD_1 bound to: 6'b001010 
	Parameter THRESHOLD_2 bound to: 6'b010110 
	Parameter THRESHOLD_3 bound to: 6'b100110 
	Parameter THRESHOLD_4 bound to: 6'b110010 
WARNING: [Synth 8-6090] variable 'interbuffer' is written by both blocking and non-blocking assignments, entire logic could be removed [/home/jason/Dev/LaserCom/LASERCOM/LASERCOM.srcs/sources_1/bd/main/ipshared/e97a/PUFART.v:55]
WARNING: [Synth 8-6090] variable 'interbuffer' is written by both blocking and non-blocking assignments, entire logic could be removed [/home/jason/Dev/LaserCom/LASERCOM/LASERCOM.srcs/sources_1/bd/main/ipshared/e97a/PUFART.v:56]
INFO: [Synth 8-6155] done synthesizing module 'PUFART' (1#1) [/home/jason/Dev/LaserCom/LASERCOM/LASERCOM.srcs/sources_1/bd/main/ipshared/e97a/PUFART.v:3]
INFO: [Synth 8-6155] done synthesizing module 'main_PUFART_0_0' (2#1) [/home/jason/Dev/LaserCom/LASERCOM/LASERCOM.srcs/sources_1/bd/main/ip/main_PUFART_0_0/synth/main_PUFART_0_0.v:57]
WARNING: [Synth 8-3331] design PUFART has unconnected port rst
---------------------------------------------------------------------------------
Finished RTL Elaboration : Time (s): cpu = 00:00:06 ; elapsed = 00:00:09 . Memory (MB): peak = 1396.723 ; gain = 70.773 ; free physical = 1302 ; free virtual = 3704
---------------------------------------------------------------------------------

Report Check Netlist: 
+------+------------------+-------+---------+-------+------------------+
|      |Item              |Errors |Warnings |Status |Description       |
+------+------------------+-------+---------+-------+------------------+
|1     |multi_driven_nets |      0|        0|Passed |Multi driven nets |
+------+------------------+-------+---------+-------+------------------+
---------------------------------------------------------------------------------
Start Handling Custom Attributes
---------------------------------------------------------------------------------
---------------------------------------------------------------------------------
Finished Handling Custom Attributes : Time (s): cpu = 00:00:07 ; elapsed = 00:00:09 . Memory (MB): peak = 1396.723 ; gain = 70.773 ; free physical = 1268 ; free virtual = 3726
---------------------------------------------------------------------------------
---------------------------------------------------------------------------------
Finished RTL Optimization Phase 1 : Time (s): cpu = 00:00:07 ; elapsed = 00:00:09 . Memory (MB): peak = 1396.723 ; gain = 70.773 ; free physical = 1268 ; free virtual = 3726
---------------------------------------------------------------------------------
INFO: [Device 21-403] Loading part xc7z020clg400-1
INFO: [Project 1-570] Preparing netlist for logic optimization

Processing XDC Constraints
Initializing timing engine
Completed Processing XDC Constraints

Netlist sorting complete. Time (s): cpu = 00:00:00 ; elapsed = 00:00:00 . Memory (MB): peak = 1761.746 ; gain = 0.000 ; free physical = 977 ; free virtual = 3363
INFO: [Project 1-111] Unisim Transformation Summary:
No Unisim elements were transformed.

Netlist sorting complete. Time (s): cpu = 00:00:00 ; elapsed = 00:00:00 . Memory (MB): peak = 1761.746 ; gain = 0.000 ; free physical = 977 ; free virtual = 3363
WARNING: [Constraints 18-5210] No constraints selected for write.
Resolution: This message can indicate that there are no constraints for the design, or it can indicate that the used_in flags are set such that the constraints are ignored. This later case is used when running synth_design to not write synthesis constraints to the resulting checkpoint. Instead, project constraints are read when the synthesized design is opened.
Constraint Validation Runtime : Time (s): cpu = 00:00:00.20 ; elapsed = 00:00:00.33 . Memory (MB): peak = 1763.746 ; gain = 2.000 ; free physical = 943 ; free virtual = 3360
---------------------------------------------------------------------------------
Finished Constraint Validation : Time (s): cpu = 00:00:22 ; elapsed = 00:00:28 . Memory (MB): peak = 1763.746 ; gain = 437.797 ; free physical = 1063 ; free virtual = 3522
---------------------------------------------------------------------------------
---------------------------------------------------------------------------------
Start Loading Part and Timing Information
---------------------------------------------------------------------------------
Loading part: xc7z020clg400-1
---------------------------------------------------------------------------------
Finished Loading Part and Timing Information : Time (s): cpu = 00:00:22 ; elapsed = 00:00:28 . Memory (MB): peak = 1763.746 ; gain = 437.797 ; free physical = 1063 ; free virtual = 3522
---------------------------------------------------------------------------------
---------------------------------------------------------------------------------
Start Applying 'set_property' XDC Constraints
---------------------------------------------------------------------------------
---------------------------------------------------------------------------------
Finished applying 'set_property' XDC Constraints : Time (s): cpu = 00:00:23 ; elapsed = 00:00:28 . Memory (MB): peak = 1763.746 ; gain = 437.797 ; free physical = 1063 ; free virtual = 3530
---------------------------------------------------------------------------------
---------------------------------------------------------------------------------
Finished RTL Optimization Phase 2 : Time (s): cpu = 00:00:23 ; elapsed = 00:00:29 . Memory (MB): peak = 1763.746 ; gain = 437.797 ; free physical = 1025 ; free virtual = 3444
---------------------------------------------------------------------------------

Report RTL Partitions: 
+-+--------------+------------+----------+
| |RTL Partition |Replication |Instances |
+-+--------------+------------+----------+
+-+--------------+------------+----------+
---------------------------------------------------------------------------------
Start RTL Component Statistics 
---------------------------------------------------------------------------------
Detailed RTL Component Info : 
+---Adders : 
	   2 Input     32 Bit       Adders := 2     
	   2 Input     20 Bit       Adders := 1     
+---Registers : 
	               32 Bit    Registers := 3     
	                2 Bit    Registers := 1     
	                1 Bit    Registers := 3     
+---Muxes : 
	   2 Input     32 Bit        Muxes := 7     
	   2 Input     20 Bit        Muxes := 1     
	   6 Input      2 Bit        Muxes := 1     
	   4 Input      2 Bit        Muxes := 1     
	   2 Input      1 Bit        Muxes := 9     
---------------------------------------------------------------------------------
Finished RTL Component Statistics 
---------------------------------------------------------------------------------
---------------------------------------------------------------------------------
Start RTL Hierarchical Component Statistics 
---------------------------------------------------------------------------------
Hierarchical RTL Component report 
Module PUFART 
Detailed RTL Component Info : 
+---Adders : 
	   2 Input     32 Bit       Adders := 2     
	   2 Input     20 Bit       Adders := 1     
+---Registers : 
	               32 Bit    Registers := 3     
	                2 Bit    Registers := 1     
	                1 Bit    Registers := 3     
+---Muxes : 
	   2 Input     32 Bit        Muxes := 7     
	   2 Input     20 Bit        Muxes := 1     
	   6 Input      2 Bit        Muxes := 1     
	   4 Input      2 Bit        Muxes := 1     
	   2 Input      1 Bit        Muxes := 9     
---------------------------------------------------------------------------------
Finished RTL Hierarchical Component Statistics
---------------------------------------------------------------------------------
---------------------------------------------------------------------------------
Start Part Resource Summary
---------------------------------------------------------------------------------
Part Resources:
DSPs: 220 (col length:60)
BRAMs: 280 (col length: RAMB18 60 RAMB36 30)
---------------------------------------------------------------------------------
Finished Part Resource Summary
---------------------------------------------------------------------------------
---------------------------------------------------------------------------------
Start Cross Boundary and Area Optimization
---------------------------------------------------------------------------------
Warning: Parallel synthesis criteria is not met 
WARNING: [Synth 8-3331] design main_PUFART_0_0 has unconnected port rst
---------------------------------------------------------------------------------
Finished Cross Boundary and Area Optimization : Time (s): cpu = 00:00:26 ; elapsed = 00:00:32 . Memory (MB): peak = 1763.746 ; gain = 437.797 ; free physical = 1055 ; free virtual = 3462
---------------------------------------------------------------------------------

Report RTL Partitions: 
+-+--------------+------------+----------+
| |RTL Partition |Replication |Instances |
+-+--------------+------------+----------+
+-+--------------+------------+----------+
---------------------------------------------------------------------------------
Start Applying XDC Timing Constraints
---------------------------------------------------------------------------------
---------------------------------------------------------------------------------
Finished Applying XDC Timing Constraints : Time (s): cpu = 00:00:40 ; elapsed = 00:00:46 . Memory (MB): peak = 1763.746 ; gain = 437.797 ; free physical = 1050 ; free virtual = 3453
---------------------------------------------------------------------------------
---------------------------------------------------------------------------------
Start Timing Optimization
---------------------------------------------------------------------------------
---------------------------------------------------------------------------------
Finished Timing Optimization : Time (s): cpu = 00:00:40 ; elapsed = 00:00:47 . Memory (MB): peak = 1763.746 ; gain = 437.797 ; free physical = 1050 ; free virtual = 3461
---------------------------------------------------------------------------------

Report RTL Partitions: 
+-+--------------+------------+----------+
| |RTL Partition |Replication |Instances |
+-+--------------+------------+----------+
+-+--------------+------------+----------+
---------------------------------------------------------------------------------
Start Technology Mapping
---------------------------------------------------------------------------------
---------------------------------------------------------------------------------
Finished Technology Mapping : Time (s): cpu = 00:00:41 ; elapsed = 00:00:47 . Memory (MB): peak = 1763.746 ; gain = 437.797 ; free physical = 1037 ; free virtual = 3480
---------------------------------------------------------------------------------

Report RTL Partitions: 
+-+--------------+------------+----------+
| |RTL Partition |Replication |Instances |
+-+--------------+------------+----------+
+-+--------------+------------+----------+
---------------------------------------------------------------------------------
Start IO Insertion
---------------------------------------------------------------------------------
---------------------------------------------------------------------------------
Start Flattening Before IO Insertion
---------------------------------------------------------------------------------
---------------------------------------------------------------------------------
Finished Flattening Before IO Insertion
---------------------------------------------------------------------------------
---------------------------------------------------------------------------------
Start Final Netlist Cleanup
---------------------------------------------------------------------------------
---------------------------------------------------------------------------------
Finished Final Netlist Cleanup
---------------------------------------------------------------------------------
---------------------------------------------------------------------------------
Finished IO Insertion : Time (s): cpu = 00:00:42 ; elapsed = 00:00:49 . Memory (MB): peak = 1763.746 ; gain = 437.797 ; free physical = 1026 ; free virtual = 3430
---------------------------------------------------------------------------------

Report Check Netlist: 
+------+------------------+-------+---------+-------+------------------+
|      |Item              |Errors |Warnings |Status |Description       |
+------+------------------+-------+---------+-------+------------------+
|1     |multi_driven_nets |      0|        0|Passed |Multi driven nets |
+------+------------------+-------+---------+-------+------------------+
---------------------------------------------------------------------------------
Start Renaming Generated Instances
---------------------------------------------------------------------------------
---------------------------------------------------------------------------------
Finished Renaming Generated Instances : Time (s): cpu = 00:00:42 ; elapsed = 00:00:49 . Memory (MB): peak = 1763.746 ; gain = 437.797 ; free physical = 1026 ; free virtual = 3430
---------------------------------------------------------------------------------

Report RTL Partitions: 
+-+--------------+------------+----------+
| |RTL Partition |Replication |Instances |
+-+--------------+------------+----------+
+-+--------------+------------+----------+
---------------------------------------------------------------------------------
Start Rebuilding User Hierarchy
---------------------------------------------------------------------------------
---------------------------------------------------------------------------------
Finished Rebuilding User Hierarchy : Time (s): cpu = 00:00:42 ; elapsed = 00:00:49 . Memory (MB): peak = 1763.746 ; gain = 437.797 ; free physical = 1026 ; free virtual = 3430
---------------------------------------------------------------------------------
---------------------------------------------------------------------------------
Start Renaming Generated Ports
---------------------------------------------------------------------------------
---------------------------------------------------------------------------------
Finished Renaming Generated Ports : Time (s): cpu = 00:00:42 ; elapsed = 00:00:49 . Memory (MB): peak = 1763.746 ; gain = 437.797 ; free physical = 1026 ; free virtual = 3430
---------------------------------------------------------------------------------
---------------------------------------------------------------------------------
Start Handling Custom Attributes
---------------------------------------------------------------------------------
---------------------------------------------------------------------------------
Finished Handling Custom Attributes : Time (s): cpu = 00:00:42 ; elapsed = 00:00:49 . Memory (MB): peak = 1763.746 ; gain = 437.797 ; free physical = 1026 ; free virtual = 3430
---------------------------------------------------------------------------------
---------------------------------------------------------------------------------
Start Renaming Generated Nets
---------------------------------------------------------------------------------
---------------------------------------------------------------------------------
Finished Renaming Generated Nets : Time (s): cpu = 00:00:42 ; elapsed = 00:00:49 . Memory (MB): peak = 1763.746 ; gain = 437.797 ; free physical = 1026 ; free virtual = 3430
---------------------------------------------------------------------------------
---------------------------------------------------------------------------------
Start Writing Synthesis Report
---------------------------------------------------------------------------------

Report BlackBoxes: 
+-+--------------+----------+
| |BlackBox name |Instances |
+-+--------------+----------+
+-+--------------+----------+

Report Cell Usage: 
+------+-------+------+
|      |Cell   |Count |
+------+-------+------+
|1     |CARRY4 |    26|
|2     |LUT1   |     1|
|3     |LUT2   |     1|
|4     |LUT3   |    49|
|5     |LUT4   |    29|
|6     |LUT5   |    17|
|7     |LUT6   |    72|
|8     |FDRE   |   121|
+------+-------+------+

Report Instance Areas: 
+------+---------+-------+------+
|      |Instance |Module |Cells |
+------+---------+-------+------+
|1     |top      |       |   316|
|2     |  inst   |PUFART |   316|
+------+---------+-------+------+
---------------------------------------------------------------------------------
Finished Writing Synthesis Report : Time (s): cpu = 00:00:42 ; elapsed = 00:00:49 . Memory (MB): peak = 1763.746 ; gain = 437.797 ; free physical = 1026 ; free virtual = 3430
---------------------------------------------------------------------------------
Synthesis finished with 0 errors, 0 critical warnings and 1 warnings.
Synthesis Optimization Runtime : Time (s): cpu = 00:00:32 ; elapsed = 00:00:36 . Memory (MB): peak = 1763.746 ; gain = 70.773 ; free physical = 1056 ; free virtual = 3491
Synthesis Optimization Complete : Time (s): cpu = 00:00:43 ; elapsed = 00:00:49 . Memory (MB): peak = 1763.746 ; gain = 437.797 ; free physical = 1049 ; free virtual = 3489
INFO: [Project 1-571] Translating synthesized netlist
INFO: [Netlist 29-17] Analyzing 26 Unisim elements for replacement
INFO: [Netlist 29-28] Unisim Transformation completed in 0 CPU seconds
INFO: [Project 1-570] Preparing netlist for logic optimization
INFO: [Opt 31-138] Pushed 0 inverter(s) to 0 load pin(s).
Netlist sorting complete. Time (s): cpu = 00:00:00 ; elapsed = 00:00:00 . Memory (MB): peak = 1771.754 ; gain = 0.000 ; free physical = 1022 ; free virtual = 3489
INFO: [Project 1-111] Unisim Transformation Summary:
No Unisim elements were transformed.

INFO: [Common 17-83] Releasing license: Synthesis
21 Infos, 5 Warnings, 0 Critical Warnings and 0 Errors encountered.
synth_design completed successfully
synth_design: Time (s): cpu = 00:00:47 ; elapsed = 00:00:52 . Memory (MB): peak = 1771.754 ; gain = 445.805 ; free physical = 1061 ; free virtual = 3448
Netlist sorting complete. Time (s): cpu = 00:00:00 ; elapsed = 00:00:00 . Memory (MB): peak = 1771.754 ; gain = 0.000 ; free physical = 1061 ; free virtual = 3448
WARNING: [Constraints 18-5210] No constraints selected for write.
Resolution: This message can indicate that there are no constraints for the design, or it can indicate that the used_in flags are set such that the constraints are ignored. This later case is used when running synth_design to not write synthesis constraints to the resulting checkpoint. Instead, project constraints are read when the synthesized design is opened.
INFO: [Common 17-1381] The checkpoint '/home/jason/Dev/LaserCom/LASERCOM/LASERCOM.runs/main_PUFART_0_0_synth_1/main_PUFART_0_0.dcp' has been generated.
INFO: [Coretcl 2-1648] Added synthesis output to IP cache for IP main_PUFART_0_0, cache-ID = 0a1fc1d084d86b0c
Netlist sorting complete. Time (s): cpu = 00:00:00 ; elapsed = 00:00:00 . Memory (MB): peak = 1795.766 ; gain = 0.000 ; free physical = 969 ; free virtual = 3437
WARNING: [Constraints 18-5210] No constraints selected for write.
Resolution: This message can indicate that there are no constraints for the design, or it can indicate that the used_in flags are set such that the constraints are ignored. This later case is used when running synth_design to not write synthesis constraints to the resulting checkpoint. Instead, project constraints are read when the synthesized design is opened.
INFO: [Common 17-1381] The checkpoint '/home/jason/Dev/LaserCom/LASERCOM/LASERCOM.runs/main_PUFART_0_0_synth_1/main_PUFART_0_0.dcp' has been generated.
INFO: [runtcl-4] Executing : report_utilization -file main_PUFART_0_0_utilization_synth.rpt -pb main_PUFART_0_0_utilization_synth.pb
INFO: [Common 17-206] Exiting Vivado at Fri May 17 04:00:00 2024...
