21:38:11 INFO  : Registering command handlers for SDK TCF services
21:38:12 INFO  : Launching XSCT server: xsct -n -interactive /home/jason/Dev/LaserCom/LASERCOM/LASERCOM.sdk/temp_xsdb_launch_script.tcl
21:38:15 INFO  : XSCT server has started successfully.
21:38:15 INFO  : Successfully done setting XSCT server connection channel  
21:38:15 INFO  : Successfully done setting SDK workspace  
21:38:15 INFO  : Processing command line option -hwspec /home/jason/Dev/LaserCom/LASERCOM/LASERCOM.sdk/main_wrapper.hdf.
21:39:28 INFO  : Connected to target on host '127.0.0.1' and port '3121'.
21:39:29 INFO  : 'targets -set -filter {jtag_cable_name =~ "Digilent Zybo Z7 210351B7C0D2A" && level==0} -index 1' command is executed.
21:39:31 INFO  : FPGA configured successfully with bitstream "/home/jason/Dev/LaserCom/LASERCOM/LASERCOM.sdk/main_wrapper_hw_platform_0/main_wrapper.bit"
21:39:38 INFO  : 'targets -set -filter {jtag_cable_name =~ "Digilent Zybo Z7 210351B7C0D2A" && level==0} -index 1' command is executed.
21:39:38 INFO  : 'fpga -state' command is executed.
21:39:38 INFO  : Connected to target on host '127.0.0.1' and port '3121'.
21:39:38 INFO  : Jtag cable 'Digilent Zybo Z7 210351B7C0D2A' is selected.
21:39:38 INFO  : 'jtag frequency' command is executed.
21:39:38 INFO  : Sourcing of '/home/jason/Dev/LaserCom/LASERCOM/LASERCOM.sdk/main_wrapper_hw_platform_0/ps7_init.tcl' is done.
21:39:38 INFO  : Context for 'APU' is selected.
21:39:38 INFO  : Hardware design information is loaded from '/home/jason/Dev/LaserCom/LASERCOM/LASERCOM.sdk/main_wrapper_hw_platform_0/system.hdf'.
21:39:38 INFO  : 'configparams force-mem-access 1' command is executed.
21:39:38 INFO  : Context for 'APU' is selected.
21:39:38 INFO  : 'stop' command is executed.
21:39:40 INFO  : 'ps7_init' command is executed.
21:39:40 INFO  : 'ps7_post_config' command is executed.
21:39:40 INFO  : Context for processor 'ps7_cortexa9_0' is selected.
21:39:40 INFO  : Processor reset is completed for 'ps7_cortexa9_0'.
21:39:40 INFO  : Context for processor 'ps7_cortexa9_0' is selected.
21:39:42 ERROR : Memory write error at 0x100000. AP transaction timeout
21:39:42 INFO  : ----------------XSDB Script----------------
connect -url tcp:127.0.0.1:3121
source /home/jason/Dev/LaserCom/LASERCOM/LASERCOM.sdk/main_wrapper_hw_platform_0/ps7_init.tcl
targets -set -nocase -filter {name =~"APU*" && jtag_cable_name =~ "Digilent Zybo Z7 210351B7C0D2A"} -index 0
loadhw -hw /home/jason/Dev/LaserCom/LASERCOM/LASERCOM.sdk/main_wrapper_hw_platform_0/system.hdf -mem-ranges [list {0x40000000 0xbfffffff}]
configparams force-mem-access 1
targets -set -nocase -filter {name =~"APU*" && jtag_cable_name =~ "Digilent Zybo Z7 210351B7C0D2A"} -index 0
stop
ps7_init
ps7_post_config
targets -set -nocase -filter {name =~ "ARM*#0" && jtag_cable_name =~ "Digilent Zybo Z7 210351B7C0D2A"} -index 0
rst -processor
targets -set -nocase -filter {name =~ "ARM*#0" && jtag_cable_name =~ "Digilent Zybo Z7 210351B7C0D2A"} -index 0
dow /home/jason/Dev/LaserCom/LASERCOM/LASERCOM.sdk/lasercom/Debug/lasercom.elf
----------------End of Script----------------

21:39:48 INFO  : 'targets -set -filter {jtag_cable_name =~ "Digilent Zybo Z7 210351B7C0D2A" && level==0} -index 1' command is executed.
21:39:48 INFO  : 'fpga -state' command is executed.
21:39:48 INFO  : Connected to target on host '127.0.0.1' and port '3121'.
21:39:48 INFO  : Jtag cable 'Digilent Zybo Z7 210351B7C0D2A' is selected.
21:39:48 INFO  : 'jtag frequency' command is executed.
21:39:48 INFO  : Sourcing of '/home/jason/Dev/LaserCom/LASERCOM/LASERCOM.sdk/main_wrapper_hw_platform_0/ps7_init.tcl' is done.
21:39:48 INFO  : Context for 'APU' is selected.
21:39:48 INFO  : Hardware design information is loaded from '/home/jason/Dev/LaserCom/LASERCOM/LASERCOM.sdk/main_wrapper_hw_platform_0/system.hdf'.
21:39:48 INFO  : 'configparams force-mem-access 1' command is executed.
21:39:48 INFO  : Context for 'APU' is selected.
21:39:48 INFO  : 'stop' command is executed.
21:39:48 ERROR : AP transaction error, DAP status f0000021
21:39:48 INFO  : ----------------XSDB Script----------------
connect -url tcp:127.0.0.1:3121
source /home/jason/Dev/LaserCom/LASERCOM/LASERCOM.sdk/main_wrapper_hw_platform_0/ps7_init.tcl
targets -set -nocase -filter {name =~"APU*" && jtag_cable_name =~ "Digilent Zybo Z7 210351B7C0D2A"} -index 0
loadhw -hw /home/jason/Dev/LaserCom/LASERCOM/LASERCOM.sdk/main_wrapper_hw_platform_0/system.hdf -mem-ranges [list {0x40000000 0xbfffffff}]
configparams force-mem-access 1
targets -set -nocase -filter {name =~"APU*" && jtag_cable_name =~ "Digilent Zybo Z7 210351B7C0D2A"} -index 0
stop
ps7_init
----------------End of Script----------------

21:40:00 INFO  : Connected to target on host '127.0.0.1' and port '3121'.
21:40:00 INFO  : 'targets -set -filter {jtag_cable_name =~ "Digilent Zybo Z7 210351B7C0D2A" && level==0} -index 1' command is executed.
21:40:03 INFO  : FPGA configured successfully with bitstream "/home/jason/Dev/LaserCom/LASERCOM/LASERCOM.sdk/main_wrapper_hw_platform_0/main_wrapper.bit"
21:40:06 INFO  : 'targets -set -filter {jtag_cable_name =~ "Digilent Zybo Z7 210351B7C0D2A" && level==0} -index 1' command is executed.
21:40:06 INFO  : 'fpga -state' command is executed.
21:40:06 INFO  : Connected to target on host '127.0.0.1' and port '3121'.
21:40:06 INFO  : Jtag cable 'Digilent Zybo Z7 210351B7C0D2A' is selected.
21:40:06 INFO  : 'jtag frequency' command is executed.
21:40:06 INFO  : Sourcing of '/home/jason/Dev/LaserCom/LASERCOM/LASERCOM.sdk/main_wrapper_hw_platform_0/ps7_init.tcl' is done.
21:40:06 INFO  : Context for 'APU' is selected.
21:40:06 INFO  : Hardware design information is loaded from '/home/jason/Dev/LaserCom/LASERCOM/LASERCOM.sdk/main_wrapper_hw_platform_0/system.hdf'.
21:40:06 INFO  : 'configparams force-mem-access 1' command is executed.
21:40:06 INFO  : Context for 'APU' is selected.
21:40:06 INFO  : 'stop' command is executed.
21:40:06 INFO  : 'ps7_init' command is executed.
21:40:06 INFO  : 'ps7_post_config' command is executed.
21:40:07 INFO  : Context for processor 'ps7_cortexa9_0' is selected.
21:40:07 INFO  : Processor reset is completed for 'ps7_cortexa9_0'.
21:40:07 INFO  : Context for processor 'ps7_cortexa9_0' is selected.
21:40:07 INFO  : The application '/home/jason/Dev/LaserCom/LASERCOM/LASERCOM.sdk/lasercom/Debug/lasercom.elf' is downloaded to processor 'ps7_cortexa9_0'.
21:40:07 INFO  : 'configparams force-mem-access 0' command is executed.
21:40:07 INFO  : ----------------XSDB Script----------------
connect -url tcp:127.0.0.1:3121
source /home/jason/Dev/LaserCom/LASERCOM/LASERCOM.sdk/main_wrapper_hw_platform_0/ps7_init.tcl
targets -set -nocase -filter {name =~"APU*" && jtag_cable_name =~ "Digilent Zybo Z7 210351B7C0D2A"} -index 0
loadhw -hw /home/jason/Dev/LaserCom/LASERCOM/LASERCOM.sdk/main_wrapper_hw_platform_0/system.hdf -mem-ranges [list {0x40000000 0xbfffffff}]
configparams force-mem-access 1
targets -set -nocase -filter {name =~"APU*" && jtag_cable_name =~ "Digilent Zybo Z7 210351B7C0D2A"} -index 0
stop
ps7_init
ps7_post_config
targets -set -nocase -filter {name =~ "ARM*#0" && jtag_cable_name =~ "Digilent Zybo Z7 210351B7C0D2A"} -index 0
rst -processor
targets -set -nocase -filter {name =~ "ARM*#0" && jtag_cable_name =~ "Digilent Zybo Z7 210351B7C0D2A"} -index 0
dow /home/jason/Dev/LaserCom/LASERCOM/LASERCOM.sdk/lasercom/Debug/lasercom.elf
configparams force-mem-access 0
----------------End of Script----------------

21:40:07 INFO  : Memory regions updated for context APU
21:40:07 INFO  : Context for processor 'ps7_cortexa9_0' is selected.
21:40:07 INFO  : 'con' command is executed.
21:40:07 INFO  : ----------------XSDB Script (After Launch)----------------
targets -set -nocase -filter {name =~ "ARM*#0" && jtag_cable_name =~ "Digilent Zybo Z7 210351B7C0D2A"} -index 0
con
----------------End of Script----------------

21:40:07 INFO  : Launch script is exported to file '/home/jason/Dev/LaserCom/LASERCOM/LASERCOM.sdk/.sdk/launch_scripts/xilinx_c-c++_application_(system_debugger)/system_debugger_using_debug_lasercom.elf_on_local.tcl'
21:50:18 INFO  : Disconnected from the channel tcfchan#1.
22:05:32 INFO  : Registering command handlers for SDK TCF services
22:05:33 INFO  : Launching XSCT server: xsct -n -interactive /home/jason/Dev/LaserCom/LASERCOM/LASERCOM.sdk/temp_xsdb_launch_script.tcl
22:05:36 INFO  : XSCT server has started successfully.
22:05:36 INFO  : Successfully done setting XSCT server connection channel  
22:05:37 INFO  : Successfully done setting SDK workspace  
22:05:37 INFO  : Processing command line option -hwspec /home/jason/Dev/LaserCom/LASERCOM/LASERCOM.sdk/main_wrapper.hdf.
22:05:37 INFO  : Checking for hwspec changes in the project main_wrapper_hw_platform_0.
22:05:39 INFO  : SDK has detected change in the last modified timestamps for source hardware specification file Source:1715911506000,  Project:1715909775000
22:05:39 INFO  : The hardware specification for project 'main_wrapper_hw_platform_0' is different from /home/jason/Dev/LaserCom/LASERCOM/LASERCOM.sdk/main_wrapper.hdf.
22:05:40 INFO  : Copied contents of /home/jason/Dev/LaserCom/LASERCOM/LASERCOM.sdk/main_wrapper.hdf into /main_wrapper_hw_platform_0/system.hdf.
22:05:42 INFO  : Synchronizing projects in the workspace with the hardware platform specification changes.
22:05:43 INFO  : 
22:05:44 INFO  : Updating hardware inferred compiler options for lasercom.
22:05:44 INFO  : Clearing existing target manager status.
22:05:48 INFO  : Connected to target on host '127.0.0.1' and port '3121'.
22:05:49 INFO  : 'targets -set -filter {jtag_cable_name =~ "Digilent Zybo Z7 210351B7C0D2A" && level==0} -index 1' command is executed.
22:05:51 INFO  : FPGA configured successfully with bitstream "/home/jason/Dev/LaserCom/LASERCOM/LASERCOM.sdk/main_wrapper_hw_platform_0/main_wrapper.bit"
22:05:54 INFO  : 'targets -set -filter {jtag_cable_name =~ "Digilent Zybo Z7 210351B7C0D2A" && level==0} -index 1' command is executed.
22:05:54 INFO  : 'fpga -state' command is executed.
22:05:54 INFO  : Connected to target on host '127.0.0.1' and port '3121'.
22:05:54 INFO  : Jtag cable 'Digilent Zybo Z7 210351B7C0D2A' is selected.
22:05:54 INFO  : 'jtag frequency' command is executed.
22:05:54 INFO  : Sourcing of '/home/jason/Dev/LaserCom/LASERCOM/LASERCOM.sdk/main_wrapper_hw_platform_0/ps7_init.tcl' is done.
22:05:54 INFO  : Context for 'APU' is selected.
22:05:54 INFO  : Hardware design information is loaded from '/home/jason/Dev/LaserCom/LASERCOM/LASERCOM.sdk/main_wrapper_hw_platform_0/system.hdf'.
22:05:54 INFO  : 'configparams force-mem-access 1' command is executed.
22:05:54 INFO  : Context for 'APU' is selected.
22:05:54 INFO  : 'stop' command is executed.
22:05:55 INFO  : 'ps7_init' command is executed.
22:05:55 INFO  : 'ps7_post_config' command is executed.
22:05:55 INFO  : Context for processor 'ps7_cortexa9_0' is selected.
22:05:55 INFO  : Processor reset is completed for 'ps7_cortexa9_0'.
22:05:55 INFO  : Context for processor 'ps7_cortexa9_0' is selected.
22:05:55 INFO  : The application '/home/jason/Dev/LaserCom/LASERCOM/LASERCOM.sdk/lasercom/Debug/lasercom.elf' is downloaded to processor 'ps7_cortexa9_0'.
22:05:55 INFO  : 'configparams force-mem-access 0' command is executed.
22:05:55 INFO  : ----------------XSDB Script----------------
connect -url tcp:127.0.0.1:3121
source /home/jason/Dev/LaserCom/LASERCOM/LASERCOM.sdk/main_wrapper_hw_platform_0/ps7_init.tcl
targets -set -nocase -filter {name =~"APU*" && jtag_cable_name =~ "Digilent Zybo Z7 210351B7C0D2A"} -index 0
loadhw -hw /home/jason/Dev/LaserCom/LASERCOM/LASERCOM.sdk/main_wrapper_hw_platform_0/system.hdf -mem-ranges [list {0x40000000 0xbfffffff}]
configparams force-mem-access 1
targets -set -nocase -filter {name =~"APU*" && jtag_cable_name =~ "Digilent Zybo Z7 210351B7C0D2A"} -index 0
stop
ps7_init
ps7_post_config
targets -set -nocase -filter {name =~ "ARM*#0" && jtag_cable_name =~ "Digilent Zybo Z7 210351B7C0D2A"} -index 0
rst -processor
targets -set -nocase -filter {name =~ "ARM*#0" && jtag_cable_name =~ "Digilent Zybo Z7 210351B7C0D2A"} -index 0
dow /home/jason/Dev/LaserCom/LASERCOM/LASERCOM.sdk/lasercom/Debug/lasercom.elf
configparams force-mem-access 0
----------------End of Script----------------

22:05:55 INFO  : Memory regions updated for context APU
22:05:55 INFO  : Context for processor 'ps7_cortexa9_0' is selected.
22:05:55 INFO  : 'con' command is executed.
22:05:55 INFO  : ----------------XSDB Script (After Launch)----------------
targets -set -nocase -filter {name =~ "ARM*#0" && jtag_cable_name =~ "Digilent Zybo Z7 210351B7C0D2A"} -index 0
con
----------------End of Script----------------

22:05:55 INFO  : Launch script is exported to file '/home/jason/Dev/LaserCom/LASERCOM/LASERCOM.sdk/.sdk/launch_scripts/xilinx_c-c++_application_(system_debugger)/system_debugger_using_debug_lasercom.elf_on_local.tcl'
22:06:02 INFO  : Disconnected from the channel tcfchan#1.
22:06:08 INFO  : Registering command handlers for SDK TCF services
22:06:09 INFO  : Launching XSCT server: xsct -n -interactive /home/jason/Dev/LaserCom/LASERCOM/LASERCOM.sdk/temp_xsdb_launch_script.tcl
22:06:11 INFO  : XSCT server has started successfully.
22:06:11 INFO  : Successfully done setting XSCT server connection channel  
22:06:11 INFO  : Successfully done setting SDK workspace  
22:06:11 INFO  : Processing command line option -hwspec /home/jason/Dev/LaserCom/LASERCOM/LASERCOM.sdk/main_wrapper.hdf.
22:06:11 INFO  : Checking for hwspec changes in the project main_wrapper_hw_platform_0.
22:06:16 INFO  : Connected to target on host '127.0.0.1' and port '3121'.
22:06:16 INFO  : 'targets -set -filter {jtag_cable_name =~ "Digilent Zybo Z7 210351B7C0D2A" && level==0} -index 1' command is executed.
22:06:18 INFO  : FPGA configured successfully with bitstream "/home/jason/Dev/LaserCom/LASERCOM/LASERCOM.sdk/main_wrapper_hw_platform_0/main_wrapper.bit"
22:06:25 INFO  : 'targets -set -filter {jtag_cable_name =~ "Digilent Zybo Z7 210351B7C0D2A" && level==0} -index 1' command is executed.
22:06:25 INFO  : 'fpga -state' command is executed.
22:06:25 INFO  : Connected to target on host '127.0.0.1' and port '3121'.
22:06:25 INFO  : Jtag cable 'Digilent Zybo Z7 210351B7C0D2A' is selected.
22:06:25 INFO  : 'jtag frequency' command is executed.
22:06:25 INFO  : Sourcing of '/home/jason/Dev/LaserCom/LASERCOM/LASERCOM.sdk/main_wrapper_hw_platform_0/ps7_init.tcl' is done.
22:06:26 INFO  : Context for 'APU' is selected.
22:06:26 INFO  : Hardware design information is loaded from '/home/jason/Dev/LaserCom/LASERCOM/LASERCOM.sdk/main_wrapper_hw_platform_0/system.hdf'.
22:06:26 INFO  : 'configparams force-mem-access 1' command is executed.
22:06:26 INFO  : Context for 'APU' is selected.
22:06:26 INFO  : 'stop' command is executed.
22:06:26 INFO  : 'ps7_init' command is executed.
22:06:26 INFO  : 'ps7_post_config' command is executed.
22:06:26 INFO  : Context for processor 'ps7_cortexa9_0' is selected.
22:06:26 INFO  : Processor reset is completed for 'ps7_cortexa9_0'.
22:06:26 INFO  : Context for processor 'ps7_cortexa9_0' is selected.
22:06:26 INFO  : The application '/home/jason/Dev/LaserCom/LASERCOM/LASERCOM.sdk/lasercom/Debug/lasercom.elf' is downloaded to processor 'ps7_cortexa9_0'.
22:06:26 INFO  : 'configparams force-mem-access 0' command is executed.
22:06:26 INFO  : ----------------XSDB Script----------------
connect -url tcp:127.0.0.1:3121
source /home/jason/Dev/LaserCom/LASERCOM/LASERCOM.sdk/main_wrapper_hw_platform_0/ps7_init.tcl
targets -set -nocase -filter {name =~"APU*" && jtag_cable_name =~ "Digilent Zybo Z7 210351B7C0D2A"} -index 0
loadhw -hw /home/jason/Dev/LaserCom/LASERCOM/LASERCOM.sdk/main_wrapper_hw_platform_0/system.hdf -mem-ranges [list {0x40000000 0xbfffffff}]
configparams force-mem-access 1
targets -set -nocase -filter {name =~"APU*" && jtag_cable_name =~ "Digilent Zybo Z7 210351B7C0D2A"} -index 0
stop
ps7_init
ps7_post_config
targets -set -nocase -filter {name =~ "ARM*#0" && jtag_cable_name =~ "Digilent Zybo Z7 210351B7C0D2A"} -index 0
rst -processor
targets -set -nocase -filter {name =~ "ARM*#0" && jtag_cable_name =~ "Digilent Zybo Z7 210351B7C0D2A"} -index 0
dow /home/jason/Dev/LaserCom/LASERCOM/LASERCOM.sdk/lasercom/Debug/lasercom.elf
configparams force-mem-access 0
----------------End of Script----------------

22:06:26 INFO  : Memory regions updated for context APU
22:06:26 INFO  : Context for processor 'ps7_cortexa9_0' is selected.
22:06:26 INFO  : 'con' command is executed.
22:06:26 INFO  : ----------------XSDB Script (After Launch)----------------
targets -set -nocase -filter {name =~ "ARM*#0" && jtag_cable_name =~ "Digilent Zybo Z7 210351B7C0D2A"} -index 0
con
----------------End of Script----------------

22:06:26 INFO  : Launch script is exported to file '/home/jason/Dev/LaserCom/LASERCOM/LASERCOM.sdk/.sdk/launch_scripts/xilinx_c-c++_application_(system_debugger)/system_debugger_using_debug_lasercom.elf_on_local.tcl'
22:09:18 INFO  : Disconnected from the channel tcfchan#1.
22:14:51 INFO  : Registering command handlers for SDK TCF services
22:14:52 INFO  : Launching XSCT server: xsct -n -interactive /home/jason/Dev/LaserCom/LASERCOM/LASERCOM.sdk/temp_xsdb_launch_script.tcl
22:14:54 INFO  : XSCT server has started successfully.
22:14:54 INFO  : Successfully done setting XSCT server connection channel  
22:14:54 INFO  : Successfully done setting SDK workspace  
22:14:54 INFO  : Processing command line option -hwspec /home/jason/Dev/LaserCom/LASERCOM/LASERCOM.sdk/main_wrapper.hdf.
22:14:55 INFO  : Checking for hwspec changes in the project main_wrapper_hw_platform_0.
22:14:57 INFO  : SDK has detected change in the last modified timestamps for source hardware specification file Source:1715912033000,  Project:1715911506000
22:14:57 INFO  : The hardware specification for project 'main_wrapper_hw_platform_0' is different from /home/jason/Dev/LaserCom/LASERCOM/LASERCOM.sdk/main_wrapper.hdf.
22:14:57 INFO  : Copied contents of /home/jason/Dev/LaserCom/LASERCOM/LASERCOM.sdk/main_wrapper.hdf into /main_wrapper_hw_platform_0/system.hdf.
22:14:59 INFO  : Synchronizing projects in the workspace with the hardware platform specification changes.
22:15:00 INFO  : 
22:15:00 INFO  : Updating hardware inferred compiler options for lasercom.
22:15:00 INFO  : Clearing existing target manager status.
22:15:09 INFO  : Registering command handlers for SDK TCF services
22:15:10 INFO  : Launching XSCT server: xsct -n -interactive /home/jason/Dev/LaserCom/LASERCOM/LASERCOM.sdk/temp_xsdb_launch_script.tcl
22:15:12 INFO  : XSCT server has started successfully.
22:15:12 INFO  : Successfully done setting XSCT server connection channel  
22:15:12 INFO  : Successfully done setting SDK workspace  
22:15:12 INFO  : Processing command line option -hwspec /home/jason/Dev/LaserCom/LASERCOM/LASERCOM.sdk/main_wrapper.hdf.
22:15:12 INFO  : Checking for hwspec changes in the project main_wrapper_hw_platform_0.
22:15:24 INFO  : Connected to target on host '127.0.0.1' and port '3121'.
22:15:24 INFO  : 'targets -set -filter {jtag_cable_name =~ "Digilent Zybo Z7 210351B7C0D2A" && level==0} -index 1' command is executed.
22:15:27 INFO  : FPGA configured successfully with bitstream "/home/jason/Dev/LaserCom/LASERCOM/LASERCOM.sdk/main_wrapper_hw_platform_0/main_wrapper.bit"
22:15:29 INFO  : 'targets -set -filter {jtag_cable_name =~ "Digilent Zybo Z7 210351B7C0D2A" && level==0} -index 1' command is executed.
22:15:29 INFO  : 'fpga -state' command is executed.
22:15:29 INFO  : Connected to target on host '127.0.0.1' and port '3121'.
22:15:30 INFO  : Jtag cable 'Digilent Zybo Z7 210351B7C0D2A' is selected.
22:15:30 INFO  : 'jtag frequency' command is executed.
22:15:30 INFO  : Sourcing of '/home/jason/Dev/LaserCom/LASERCOM/LASERCOM.sdk/main_wrapper_hw_platform_0/ps7_init.tcl' is done.
22:15:30 INFO  : Context for 'APU' is selected.
22:15:30 INFO  : Hardware design information is loaded from '/home/jason/Dev/LaserCom/LASERCOM/LASERCOM.sdk/main_wrapper_hw_platform_0/system.hdf'.
22:15:30 INFO  : 'configparams force-mem-access 1' command is executed.
22:15:30 INFO  : Context for 'APU' is selected.
22:15:30 INFO  : 'stop' command is executed.
22:15:30 INFO  : 'ps7_init' command is executed.
22:15:30 INFO  : 'ps7_post_config' command is executed.
22:15:30 INFO  : Context for processor 'ps7_cortexa9_0' is selected.
22:15:30 INFO  : Processor reset is completed for 'ps7_cortexa9_0'.
22:15:30 INFO  : Context for processor 'ps7_cortexa9_0' is selected.
22:15:30 INFO  : The application '/home/jason/Dev/LaserCom/LASERCOM/LASERCOM.sdk/lasercom/Debug/lasercom.elf' is downloaded to processor 'ps7_cortexa9_0'.
22:15:30 INFO  : 'configparams force-mem-access 0' command is executed.
22:15:30 INFO  : ----------------XSDB Script----------------
connect -url tcp:127.0.0.1:3121
source /home/jason/Dev/LaserCom/LASERCOM/LASERCOM.sdk/main_wrapper_hw_platform_0/ps7_init.tcl
targets -set -nocase -filter {name =~"APU*" && jtag_cable_name =~ "Digilent Zybo Z7 210351B7C0D2A"} -index 0
loadhw -hw /home/jason/Dev/LaserCom/LASERCOM/LASERCOM.sdk/main_wrapper_hw_platform_0/system.hdf -mem-ranges [list {0x40000000 0xbfffffff}]
configparams force-mem-access 1
targets -set -nocase -filter {name =~"APU*" && jtag_cable_name =~ "Digilent Zybo Z7 210351B7C0D2A"} -index 0
stop
ps7_init
ps7_post_config
targets -set -nocase -filter {name =~ "ARM*#0" && jtag_cable_name =~ "Digilent Zybo Z7 210351B7C0D2A"} -index 0
rst -processor
targets -set -nocase -filter {name =~ "ARM*#0" && jtag_cable_name =~ "Digilent Zybo Z7 210351B7C0D2A"} -index 0
dow /home/jason/Dev/LaserCom/LASERCOM/LASERCOM.sdk/lasercom/Debug/lasercom.elf
configparams force-mem-access 0
----------------End of Script----------------

22:15:30 INFO  : Memory regions updated for context APU
22:15:30 INFO  : Context for processor 'ps7_cortexa9_0' is selected.
22:15:30 INFO  : 'con' command is executed.
22:15:30 INFO  : ----------------XSDB Script (After Launch)----------------
targets -set -nocase -filter {name =~ "ARM*#0" && jtag_cable_name =~ "Digilent Zybo Z7 210351B7C0D2A"} -index 0
con
----------------End of Script----------------

22:15:30 INFO  : Launch script is exported to file '/home/jason/Dev/LaserCom/LASERCOM/LASERCOM.sdk/.sdk/launch_scripts/xilinx_c-c++_application_(system_debugger)/system_debugger_using_debug_lasercom.elf_on_local.tcl'
22:17:36 INFO  : Disconnected from the channel tcfchan#1.
22:24:55 INFO  : Registering command handlers for SDK TCF services
22:24:57 INFO  : Launching XSCT server: xsct -n -interactive /home/jason/Dev/LaserCom/LASERCOM/LASERCOM.sdk/temp_xsdb_launch_script.tcl
22:24:59 INFO  : XSCT server has started successfully.
22:24:59 INFO  : Successfully done setting XSCT server connection channel  
22:24:59 INFO  : Successfully done setting SDK workspace  
22:24:59 INFO  : Processing command line option -hwspec /home/jason/Dev/LaserCom/LASERCOM/LASERCOM.sdk/main_wrapper.hdf.
22:24:59 INFO  : Checking for hwspec changes in the project main_wrapper_hw_platform_0.
22:25:01 INFO  : SDK has detected change in the last modified timestamps for source hardware specification file Source:1715912620000,  Project:1715912033000
22:25:01 INFO  : The hardware specification for project 'main_wrapper_hw_platform_0' is different from /home/jason/Dev/LaserCom/LASERCOM/LASERCOM.sdk/main_wrapper.hdf.
22:25:01 INFO  : Copied contents of /home/jason/Dev/LaserCom/LASERCOM/LASERCOM.sdk/main_wrapper.hdf into /main_wrapper_hw_platform_0/system.hdf.
22:25:03 INFO  : Synchronizing projects in the workspace with the hardware platform specification changes.
22:25:04 INFO  : 
22:25:05 INFO  : Updating hardware inferred compiler options for lasercom.
22:25:05 INFO  : Clearing existing target manager status.
22:25:19 INFO  : Registering command handlers for SDK TCF services
22:25:20 INFO  : Launching XSCT server: xsct -n -interactive /home/jason/Dev/LaserCom/LASERCOM/LASERCOM.sdk/temp_xsdb_launch_script.tcl
22:25:22 INFO  : XSCT server has started successfully.
22:25:22 INFO  : Successfully done setting XSCT server connection channel  
22:25:22 INFO  : Successfully done setting SDK workspace  
22:25:22 INFO  : Processing command line option -hwspec /home/jason/Dev/LaserCom/LASERCOM/LASERCOM.sdk/main_wrapper.hdf.
22:25:22 INFO  : Checking for hwspec changes in the project main_wrapper_hw_platform_0.
22:26:06 INFO  : Connected to target on host '127.0.0.1' and port '3121'.
22:26:06 INFO  : 'targets -set -filter {jtag_cable_name =~ "Digilent Zybo Z7 210351B7C0D2A" && level==0} -index 1' command is executed.
22:26:08 INFO  : FPGA configured successfully with bitstream "/home/jason/Dev/LaserCom/LASERCOM/LASERCOM.sdk/main_wrapper_hw_platform_0/main_wrapper.bit"
22:26:11 INFO  : 'targets -set -filter {jtag_cable_name =~ "Digilent Zybo Z7 210351B7C0D2A" && level==0} -index 1' command is executed.
22:26:11 INFO  : 'fpga -state' command is executed.
22:26:11 INFO  : Connected to target on host '127.0.0.1' and port '3121'.
22:26:12 INFO  : Jtag cable 'Digilent Zybo Z7 210351B7C0D2A' is selected.
22:26:12 INFO  : 'jtag frequency' command is executed.
22:26:12 INFO  : Sourcing of '/home/jason/Dev/LaserCom/LASERCOM/LASERCOM.sdk/main_wrapper_hw_platform_0/ps7_init.tcl' is done.
22:26:12 INFO  : Context for 'APU' is selected.
22:26:12 INFO  : Hardware design information is loaded from '/home/jason/Dev/LaserCom/LASERCOM/LASERCOM.sdk/main_wrapper_hw_platform_0/system.hdf'.
22:26:12 INFO  : 'configparams force-mem-access 1' command is executed.
22:26:12 INFO  : Context for 'APU' is selected.
22:26:12 INFO  : 'stop' command is executed.
22:26:14 INFO  : 'ps7_init' command is executed.
22:26:14 INFO  : 'ps7_post_config' command is executed.
22:26:14 INFO  : Context for processor 'ps7_cortexa9_0' is selected.
22:26:14 INFO  : Processor reset is completed for 'ps7_cortexa9_0'.
22:26:14 INFO  : Context for processor 'ps7_cortexa9_0' is selected.
22:26:16 ERROR : Memory write error at 0x100000. AP transaction timeout
22:26:16 INFO  : ----------------XSDB Script----------------
connect -url tcp:127.0.0.1:3121
source /home/jason/Dev/LaserCom/LASERCOM/LASERCOM.sdk/main_wrapper_hw_platform_0/ps7_init.tcl
targets -set -nocase -filter {name =~"APU*" && jtag_cable_name =~ "Digilent Zybo Z7 210351B7C0D2A"} -index 0
loadhw -hw /home/jason/Dev/LaserCom/LASERCOM/LASERCOM.sdk/main_wrapper_hw_platform_0/system.hdf -mem-ranges [list {0x40000000 0xbfffffff}]
configparams force-mem-access 1
targets -set -nocase -filter {name =~"APU*" && jtag_cable_name =~ "Digilent Zybo Z7 210351B7C0D2A"} -index 0
stop
ps7_init
ps7_post_config
targets -set -nocase -filter {name =~ "ARM*#0" && jtag_cable_name =~ "Digilent Zybo Z7 210351B7C0D2A"} -index 0
rst -processor
targets -set -nocase -filter {name =~ "ARM*#0" && jtag_cable_name =~ "Digilent Zybo Z7 210351B7C0D2A"} -index 0
dow /home/jason/Dev/LaserCom/LASERCOM/LASERCOM.sdk/lasercom/Debug/lasercom.elf
----------------End of Script----------------

22:26:27 INFO  : Connected to target on host '127.0.0.1' and port '3121'.
22:26:27 INFO  : 'targets -set -filter {jtag_cable_name =~ "Digilent Zybo Z7 210351B7C0D2A" && level==0} -index 1' command is executed.
22:26:30 INFO  : FPGA configured successfully with bitstream "/home/jason/Dev/LaserCom/LASERCOM/LASERCOM.sdk/main_wrapper_hw_platform_0/main_wrapper.bit"
22:26:34 INFO  : 'targets -set -filter {jtag_cable_name =~ "Digilent Zybo Z7 210351B7C0D2A" && level==0} -index 1' command is executed.
22:26:34 INFO  : 'fpga -state' command is executed.
22:26:34 INFO  : Connected to target on host '127.0.0.1' and port '3121'.
22:26:34 INFO  : Jtag cable 'Digilent Zybo Z7 210351B7C0D2A' is selected.
22:26:34 INFO  : 'jtag frequency' command is executed.
22:26:34 INFO  : Sourcing of '/home/jason/Dev/LaserCom/LASERCOM/LASERCOM.sdk/main_wrapper_hw_platform_0/ps7_init.tcl' is done.
22:26:34 INFO  : Context for 'APU' is selected.
22:26:34 INFO  : Hardware design information is loaded from '/home/jason/Dev/LaserCom/LASERCOM/LASERCOM.sdk/main_wrapper_hw_platform_0/system.hdf'.
22:26:34 INFO  : 'configparams force-mem-access 1' command is executed.
22:26:34 INFO  : Context for 'APU' is selected.
22:26:34 INFO  : 'stop' command is executed.
22:26:35 INFO  : 'ps7_init' command is executed.
22:26:35 INFO  : 'ps7_post_config' command is executed.
22:26:35 INFO  : Context for processor 'ps7_cortexa9_0' is selected.
22:26:35 INFO  : Processor reset is completed for 'ps7_cortexa9_0'.
22:26:35 INFO  : Context for processor 'ps7_cortexa9_0' is selected.
22:26:35 INFO  : The application '/home/jason/Dev/LaserCom/LASERCOM/LASERCOM.sdk/lasercom/Debug/lasercom.elf' is downloaded to processor 'ps7_cortexa9_0'.
22:26:35 INFO  : 'configparams force-mem-access 0' command is executed.
22:26:35 INFO  : ----------------XSDB Script----------------
connect -url tcp:127.0.0.1:3121
source /home/jason/Dev/LaserCom/LASERCOM/LASERCOM.sdk/main_wrapper_hw_platform_0/ps7_init.tcl
targets -set -nocase -filter {name =~"APU*" && jtag_cable_name =~ "Digilent Zybo Z7 210351B7C0D2A"} -index 0
loadhw -hw /home/jason/Dev/LaserCom/LASERCOM/LASERCOM.sdk/main_wrapper_hw_platform_0/system.hdf -mem-ranges [list {0x40000000 0xbfffffff}]
configparams force-mem-access 1
targets -set -nocase -filter {name =~"APU*" && jtag_cable_name =~ "Digilent Zybo Z7 210351B7C0D2A"} -index 0
stop
ps7_init
ps7_post_config
targets -set -nocase -filter {name =~ "ARM*#0" && jtag_cable_name =~ "Digilent Zybo Z7 210351B7C0D2A"} -index 0
rst -processor
targets -set -nocase -filter {name =~ "ARM*#0" && jtag_cable_name =~ "Digilent Zybo Z7 210351B7C0D2A"} -index 0
dow /home/jason/Dev/LaserCom/LASERCOM/LASERCOM.sdk/lasercom/Debug/lasercom.elf
configparams force-mem-access 0
----------------End of Script----------------

22:26:35 INFO  : Memory regions updated for context APU
22:26:35 INFO  : Context for processor 'ps7_cortexa9_0' is selected.
22:26:35 INFO  : 'con' command is executed.
22:26:35 INFO  : ----------------XSDB Script (After Launch)----------------
targets -set -nocase -filter {name =~ "ARM*#0" && jtag_cable_name =~ "Digilent Zybo Z7 210351B7C0D2A"} -index 0
con
----------------End of Script----------------

22:26:35 INFO  : Launch script is exported to file '/home/jason/Dev/LaserCom/LASERCOM/LASERCOM.sdk/.sdk/launch_scripts/xilinx_c-c++_application_(system_debugger)/system_debugger_using_debug_lasercom.elf_on_local.tcl'
22:45:36 INFO  : Disconnected from the channel tcfchan#1.
22:57:02 INFO  : Registering command handlers for SDK TCF services
22:57:03 INFO  : Launching XSCT server: xsct -n -interactive /home/jason/Dev/LaserCom/LASERCOM/LASERCOM.sdk/temp_xsdb_launch_script.tcl
22:57:05 INFO  : XSCT server has started successfully.
22:57:05 INFO  : Successfully done setting XSCT server connection channel  
22:57:05 INFO  : Successfully done setting SDK workspace  
22:57:05 INFO  : Processing command line option -hwspec /home/jason/Dev/LaserCom/LASERCOM/LASERCOM.sdk/main_wrapper.hdf.
22:57:06 INFO  : Checking for hwspec changes in the project main_wrapper_hw_platform_0.
22:57:08 INFO  : SDK has detected change in the last modified timestamps for source hardware specification file Source:1715914236000,  Project:1715912620000
22:57:08 INFO  : The hardware specification for project 'main_wrapper_hw_platform_0' is different from /home/jason/Dev/LaserCom/LASERCOM/LASERCOM.sdk/main_wrapper.hdf.
22:57:08 INFO  : Copied contents of /home/jason/Dev/LaserCom/LASERCOM/LASERCOM.sdk/main_wrapper.hdf into /main_wrapper_hw_platform_0/system.hdf.
22:57:16 INFO  : Registering command handlers for SDK TCF services
22:57:17 INFO  : Launching XSCT server: xsct -n -interactive /home/jason/Dev/LaserCom/LASERCOM/LASERCOM.sdk/temp_xsdb_launch_script.tcl
22:57:19 INFO  : XSCT server has started successfully.
22:57:19 INFO  : Successfully done setting XSCT server connection channel  
22:57:19 INFO  : Successfully done setting SDK workspace  
22:57:19 INFO  : Processing command line option -hwspec /home/jason/Dev/LaserCom/LASERCOM/LASERCOM.sdk/main_wrapper.hdf.
22:57:19 INFO  : Checking for hwspec changes in the project main_wrapper_hw_platform_0.
22:57:27 INFO  : Connected to target on host '127.0.0.1' and port '3121'.
22:57:33 INFO  : 'targets -set -filter {jtag_cable_name =~ "Digilent Zybo Z7 210351B7C0D2A" && level==0} -index 1' command is executed.
22:57:35 INFO  : FPGA configured successfully with bitstream "/home/jason/Dev/LaserCom/LASERCOM/LASERCOM.sdk/main_wrapper_hw_platform_0/main_wrapper.bit"
22:57:47 INFO  : 'targets -set -filter {jtag_cable_name =~ "Digilent Zybo Z7 210351B7C0D2A" && level==0} -index 1' command is executed.
22:57:47 INFO  : 'fpga -state' command is executed.
22:57:47 INFO  : Connected to target on host '127.0.0.1' and port '3121'.
22:57:47 INFO  : Jtag cable 'Digilent Zybo Z7 210351B7C0D2A' is selected.
22:57:47 INFO  : 'jtag frequency' command is executed.
22:57:47 INFO  : Sourcing of '/home/jason/Dev/LaserCom/LASERCOM/LASERCOM.sdk/main_wrapper_hw_platform_0/ps7_init.tcl' is done.
22:57:47 INFO  : Context for 'APU' is selected.
22:57:47 INFO  : Hardware design information is loaded from '/home/jason/Dev/LaserCom/LASERCOM/LASERCOM.sdk/main_wrapper_hw_platform_0/system.hdf'.
22:57:47 INFO  : 'configparams force-mem-access 1' command is executed.
22:57:47 INFO  : Context for 'APU' is selected.
22:57:47 INFO  : 'stop' command is executed.
22:57:48 INFO  : 'ps7_init' command is executed.
22:57:48 INFO  : 'ps7_post_config' command is executed.
22:57:48 INFO  : Context for processor 'ps7_cortexa9_0' is selected.
22:57:48 INFO  : Processor reset is completed for 'ps7_cortexa9_0'.
22:57:48 INFO  : Context for processor 'ps7_cortexa9_0' is selected.
22:57:48 INFO  : The application '/home/jason/Dev/LaserCom/LASERCOM/LASERCOM.sdk/lasercom/Debug/lasercom.elf' is downloaded to processor 'ps7_cortexa9_0'.
22:57:48 INFO  : 'configparams force-mem-access 0' command is executed.
22:57:48 INFO  : ----------------XSDB Script----------------
connect -url tcp:127.0.0.1:3121
source /home/jason/Dev/LaserCom/LASERCOM/LASERCOM.sdk/main_wrapper_hw_platform_0/ps7_init.tcl
targets -set -nocase -filter {name =~"APU*" && jtag_cable_name =~ "Digilent Zybo Z7 210351B7C0D2A"} -index 0
loadhw -hw /home/jason/Dev/LaserCom/LASERCOM/LASERCOM.sdk/main_wrapper_hw_platform_0/system.hdf -mem-ranges [list {0x40000000 0xbfffffff}]
configparams force-mem-access 1
targets -set -nocase -filter {name =~"APU*" && jtag_cable_name =~ "Digilent Zybo Z7 210351B7C0D2A"} -index 0
stop
ps7_init
ps7_post_config
targets -set -nocase -filter {name =~ "ARM*#0" && jtag_cable_name =~ "Digilent Zybo Z7 210351B7C0D2A"} -index 0
rst -processor
targets -set -nocase -filter {name =~ "ARM*#0" && jtag_cable_name =~ "Digilent Zybo Z7 210351B7C0D2A"} -index 0
dow /home/jason/Dev/LaserCom/LASERCOM/LASERCOM.sdk/lasercom/Debug/lasercom.elf
configparams force-mem-access 0
----------------End of Script----------------

22:57:48 INFO  : Memory regions updated for context APU
22:57:48 INFO  : Context for processor 'ps7_cortexa9_0' is selected.
22:57:48 INFO  : 'con' command is executed.
22:57:48 INFO  : ----------------XSDB Script (After Launch)----------------
targets -set -nocase -filter {name =~ "ARM*#0" && jtag_cable_name =~ "Digilent Zybo Z7 210351B7C0D2A"} -index 0
con
----------------End of Script----------------

22:57:48 INFO  : Launch script is exported to file '/home/jason/Dev/LaserCom/LASERCOM/LASERCOM.sdk/.sdk/launch_scripts/xilinx_c-c++_application_(system_debugger)/system_debugger_using_debug_lasercom.elf_on_local.tcl'
22:58:03 INFO  : Disconnected from the channel tcfchan#1.
00:30:47 INFO  : Registering command handlers for SDK TCF services
00:30:50 INFO  : Launching XSCT server: xsct -n -interactive /home/jason/Dev/LaserCom/LASERCOM/LASERCOM.sdk/temp_xsdb_launch_script.tcl
00:30:56 INFO  : XSCT server has started successfully.
00:30:57 INFO  : Successfully done setting XSCT server connection channel  
00:30:57 INFO  : Successfully done setting SDK workspace  
00:30:57 INFO  : Processing command line option -hwspec /home/jason/Dev/LaserCom/LASERCOM/LASERCOM.sdk/main_wrapper.hdf.
00:30:57 INFO  : Checking for hwspec changes in the project main_wrapper_hw_platform_0.
00:31:05 INFO  : SDK has detected change in the last modified timestamps for source hardware specification file Source:1715920196000,  Project:1715914236000
00:31:05 INFO  : The hardware specification for project 'main_wrapper_hw_platform_0' is different from /home/jason/Dev/LaserCom/LASERCOM/LASERCOM.sdk/main_wrapper.hdf.
00:31:06 INFO  : Copied contents of /home/jason/Dev/LaserCom/LASERCOM/LASERCOM.sdk/main_wrapper.hdf into /main_wrapper_hw_platform_0/system.hdf.
00:31:13 INFO  : Synchronizing projects in the workspace with the hardware platform specification changes.
00:31:15 INFO  : 
00:31:16 INFO  : Updating hardware inferred compiler options for lasercom.
00:31:16 INFO  : Clearing existing target manager status.
00:31:41 INFO  : Registering command handlers for SDK TCF services
00:31:44 INFO  : Launching XSCT server: xsct -n -interactive /home/jason/Dev/LaserCom/LASERCOM/LASERCOM.sdk/temp_xsdb_launch_script.tcl
00:31:50 INFO  : XSCT server has started successfully.
00:31:50 INFO  : Successfully done setting XSCT server connection channel  
00:31:50 INFO  : Successfully done setting SDK workspace  
00:31:50 INFO  : Processing command line option -hwspec /home/jason/Dev/LaserCom/LASERCOM/LASERCOM.sdk/main_wrapper.hdf.
00:31:51 INFO  : Checking for hwspec changes in the project main_wrapper_hw_platform_0.
01:27:03 INFO  : Registering command handlers for SDK TCF services
01:27:04 INFO  : Launching XSCT server: xsct -n -interactive /home/jason/Dev/LaserCom/LASERCOM/LASERCOM.sdk/temp_xsdb_launch_script.tcl
01:27:06 INFO  : XSCT server has started successfully.
01:27:06 INFO  : Successfully done setting XSCT server connection channel  
01:27:07 INFO  : Successfully done setting SDK workspace  
01:27:07 INFO  : Processing command line option -hwspec /home/jason/Dev/LaserCom/LASERCOM/LASERCOM.sdk/main_wrapper.hdf.
01:27:07 INFO  : Checking for hwspec changes in the project main_wrapper_hw_platform_0.
